#
# A fatal error has been detected by the Java Runtime Environment:
#
#  EXCEPTION_ACCESS_VIOLATION (0xc0000005) at pc=0x6cedfe2f, pid=4288, tid=4216
#
# JRE version: 7.0_21-b11
# Java VM: Java HotSpot(TM) Client VM (23.21-b01 mixed mode, sharing windows-x86 )
# Problematic frame:
# C  [gdx.dll+0x1fe2f]
#
# Failed to write core dump. Minidumps are not enabled by default on client versions of Windows
#
# If you would like to submit a bug report, please visit:
#   http://bugreport.sun.com/bugreport/crash.jsp
# The crash happened outside the Java Virtual Machine in native code.
# See problematic frame for where to report the bug.
#

---------------  T H R E A D  ---------------

Current thread (0x04cea000):  JavaThread "LWJGL Application" [_thread_in_native, id=4216, stack(0x057c0000,0x05810000)]

siginfo: ExceptionCode=0xc0000005, reading address 0x4079fa02

Registers:
EAX=0x0580f878, EBX=0x07ab78b8, ECX=0x0580f818, EDX=0x4040c0c1
ESP=0x0580f7f0, EBP=0x3fcccccd, ESI=0x07b8c0b0, EDI=0x4079f9fa
EIP=0x6cedfe2f, EFLAGS=0x00010246

Top of Stack: (sp=0x0580f7f0)
0x0580f7f0:   04cea000 0580f90c 04cea000 07b72ed8
0x0580f800:   2a3d0770 07b8c0b0 4064e4e5 6cee01a3
0x0580f810:   07b8c0b0 07b8c0b0 837ad9bd 07b72ed8
0x0580f820:   0580f878 0580f870 07b8c0b0 6cee462d
0x0580f830:   07b8c0b0 04cea128 04cea000 2a4189dc
0x0580f840:   00000000 0580f854 0580fc0c 6e60e07e
0x0580f850:   3948f392 fffffffe 3cb60b61 42340000
0x0580f860:   3faab160 00000006 00000002 00000001 

Instructions: (pc=0x6cedfe2f)
0x6cedfe0f:   00 8b 5b 0c 85 db 0f 84 32 01 00 00 8b 53 38 8b
0x6cedfe1f:   7b 30 8b 6b 34 f6 43 04 08 89 54 24 18 8b 53 3c
0x6cedfe2f:   8b 4f 08 8b 75 08 89 54 24 1c 0f 85 16 01 00 00
0x6cedfe3f:   31 c0 f6 41 04 02 74 07 8b 09 85 c9 0f 95 c0 31 


Register to memory mapping:

EAX=0x0580f878 is pointing into the stack for thread: 0x04cea000
EBX=0x07ab78b8 is an unknown value
ECX=0x0580f818 is pointing into the stack for thread: 0x04cea000
EDX=0x4040c0c1 is an unknown value
ESP=0x0580f7f0 is pointing into the stack for thread: 0x04cea000
EBP=0x3fcccccd is an unknown value
ESI=0x07b8c0b0 is an unknown value
EDI=0x4079f9fa is an unknown value


Stack: [0x057c0000,0x05810000],  sp=0x0580f7f0,  free space=317k
Native frames: (J=compiled Java code, j=interpreted, Vv=VM code, C=native code)
C  [gdx.dll+0x1fe2f]

Java frames: (J=compiled Java code, j=interpreted, Vv=VM code)
J  com.badlogic.gdx.physics.box2d.World.jniStep(JFII)V
J  com.teampora.game.GameWorld.update(F)V
J  com.teampora.screens.ClassicScreen.renderSub(F)V
J  com.teampora.screens.AbstractScreen.render(F)V
J  com.badlogic.gdx.Game.render()V
j  com.badlogic.gdx.backends.lwjgl.LwjglApplication.mainLoop()V+596
j  com.badlogic.gdx.backends.lwjgl.LwjglApplication$1.run()V+27
v  ~StubRoutines::call_stub

---------------  P R O C E S S  ---------------

Java Threads: ( => current thread )
  0x07288800 JavaThread "AsynchExecutor-Thread" daemon [_thread_blocked, id=6688, stack(0x08170000,0x081c0000)]
  0x07287c00 JavaThread "LWJGL Timer" daemon [_thread_blocked, id=7560, stack(0x080e0000,0x08130000)]
  0x0261a800 JavaThread "DestroyJavaVM" [_thread_blocked, id=2460, stack(0x01050000,0x010a0000)]
=>0x04cea000 JavaThread "LWJGL Application" [_thread_in_native, id=4216, stack(0x057c0000,0x05810000)]
  0x02562000 JavaThread "Service Thread" daemon [_thread_blocked, id=7596, stack(0x04b30000,0x04b80000)]
  0x0255dc00 JavaThread "C1 CompilerThread0" daemon [_thread_blocked, id=5056, stack(0x04aa0000,0x04af0000)]
  0x0255c400 JavaThread "Attach Listener" daemon [_thread_blocked, id=3736, stack(0x04a10000,0x04a60000)]
  0x0255a400 JavaThread "Signal Dispatcher" daemon [_thread_blocked, id=6612, stack(0x04980000,0x049d0000)]
  0x02547c00 JavaThread "Finalizer" daemon [_thread_blocked, id=8188, stack(0x048f0000,0x04940000)]
  0x02543000 JavaThread "Reference Handler" daemon [_thread_blocked, id=4084, stack(0x04860000,0x048b0000)]

Other Threads:
  0x02541c00 VMThread [stack: 0x047d0000,0x04820000] [id=8128]
  0x02571c00 WatcherThread [stack: 0x04bc0000,0x04c10000] [id=4468]

VM state:not at safepoint (normal execution)

VM Mutex/Monitor currently owned by a thread: None

Heap
 def new generation   total 4992K, used 1601K [0x247f0000, 0x24d50000, 0x29d40000)
  eden space 4480K,  33% used [0x247f0000, 0x24963188, 0x24c50000)
  from space 512K,  22% used [0x24cd0000, 0x24ced498, 0x24d50000)
  to   space 512K,   0% used [0x24c50000, 0x24c50000, 0x24cd0000)
 tenured generation   total 10944K, used 7301K [0x29d40000, 0x2a7f0000, 0x347f0000)
   the space 10944K,  66% used [0x29d40000, 0x2a461658, 0x2a461800, 0x2a7f0000)
 compacting perm gen  total 12288K, used 4316K [0x347f0000, 0x353f0000, 0x387f0000)
   the space 12288K,  35% used [0x347f0000, 0x34c27008, 0x34c27200, 0x353f0000)
    ro space 10240K,  42% used [0x387f0000, 0x38c322a0, 0x38c32400, 0x391f0000)
    rw space 12288K,  54% used [0x391f0000, 0x39873250, 0x39873400, 0x39df0000)

Card table byte_map: [0x046a0000,0x04750000] byte_map_base: 0x0457c080

Polling page: 0x00f10000

Code Cache  [0x02620000, 0x02818000, 0x04620000)
 total_blobs=1049 nmethods=771 adapters=212 free_code_cache=30756Kb largest_free_block=31494080

Compilation events (10 events):
Event: 67.908 Thread 0x0255dc00  769             com.badlogic.gdx.scenes.scene2d.utils.ScissorStack::popScissors (73 bytes)
Event: 67.911 Thread 0x0255dc00 nmethod 769 0x02813e08 code [0x02813fe0, 0x028145dc]
Event: 69.403 Thread 0x0255dc00  770             com.badlogic.gdx.scenes.scene2d.Actor::clipBegin (84 bytes)
Event: 69.405 Thread 0x0255dc00 nmethod 770 0x02814f48 code [0x028150a0, 0x02815268]
Event: 73.620 Thread 0x0255dc00  771             com.badlogic.gdx.scenes.scene2d.utils.SpriteDrawable::draw (62 bytes)
Event: 73.621 Thread 0x0255dc00 nmethod 771 0x02815548 code [0x028156c0, 0x028159b4]
Event: 73.621 Thread 0x0255dc00  772             com.badlogic.gdx.graphics.g2d.TextureAtlas$AtlasSprite::setBounds (146 bytes)
Event: 73.622 Thread 0x0255dc00 nmethod 772 0x02815f88 code [0x02816090, 0x028161ec]
Event: 75.456 Thread 0x0255dc00  773             com.badlogic.gdx.math.Matrix3::mul (478 bytes)
Event: 75.457 Thread 0x0255dc00 nmethod 773 0x02816388 code [0x028164c0, 0x02816a10]

GC Heap History (10 events):
Event: 46.262 GC heap before
{Heap before GC invocations=19 (full 1):
 def new generation   total 4992K, used 4765K [0x247f0000, 0x24d50000, 0x29d40000)
  eden space 4480K, 100% used [0x247f0000, 0x24c50000, 0x24c50000)
  from space 512K,  55% used [0x24c50000, 0x24c976f0, 0x24cd0000)
  to   space 512K,   0% used [0x24cd0000, 0x24cd0000, 0x24d50000)
 tenured generation   total 10944K, used 7172K [0x29d40000, 0x2a7f0000, 0x347f0000)
   the space 10944K,  65% used [0x29d40000, 0x2a4412a8, 0x2a441400, 0x2a7f0000)
 compacting perm gen  total 12288K, used 4310K [0x347f0000, 0x353f0000, 0x387f0000)
   the space 12288K,  35% used [0x347f0000, 0x34c25a20, 0x34c25c00, 0x353f0000)
    ro space 10240K,  42% used [0x387f0000, 0x38c322a0, 0x38c32400, 0x391f0000)
    rw space 12288K,  54% used [0x391f0000, 0x39873250, 0x39873400, 0x39df0000)
Event: 46.265 GC heap after
Heap after GC invocations=20 (full 1):
 def new generation   total 4992K, used 211K [0x247f0000, 0x24d50000, 0x29d40000)
  eden space 4480K,   0% used [0x247f0000, 0x247f0000, 0x24c50000)
  from space 512K,  41% used [0x24cd0000, 0x24d04e68, 0x24d50000)
  to   space 512K,   0% used [0x24c50000, 0x24c50000, 0x24cd0000)
 tenured generation   total 10944K, used 7255K [0x29d40000, 0x2a7f0000, 0x347f0000)
   the space 10944K,  66% used [0x29d40000, 0x2a455d48, 0x2a455e00, 0x2a7f0000)
 compacting perm gen  total 12288K, used 4310K [0x347f0000, 0x353f0000, 0x387f0000)
   the space 12288K,  35% used [0x347f0000, 0x34c25a20, 0x34c25c00, 0x353f0000)
    ro space 10240K,  42% used [0x387f0000, 0x38c322a0, 0x38c32400, 0x391f0000)
    rw space 12288K,  54% used [0x391f0000, 0x39873250, 0x39873400, 0x39df0000)
}
Event: 51.311 GC heap before
{Heap before GC invocations=20 (full 1):
 def new generation   total 4992K, used 4691K [0x247f0000, 0x24d50000, 0x29d40000)
  eden space 4480K, 100% used [0x247f0000, 0x24c50000, 0x24c50000)
  from space 512K,  41% used [0x24cd0000, 0x24d04e68, 0x24d50000)
  to   space 512K,   0% used [0x24c50000, 0x24c50000, 0x24cd0000)
 tenured generation   total 10944K, used 7255K [0x29d40000, 0x2a7f0000, 0x347f0000)
   the space 10944K,  66% used [0x29d40000, 0x2a455d48, 0x2a455e00, 0x2a7f0000)
 compacting perm gen  total 12288K, used 4315K [0x347f0000, 0x353f0000, 0x387f0000)
   the space 12288K,  35% used [0x347f0000, 0x34c26ee8, 0x34c27000, 0x353f0000)
    ro space 10240K,  42% used [0x387f0000, 0x38c322a0, 0x38c32400, 0x391f0000)
    rw space 12288K,  54% used [0x391f0000, 0x39873250, 0x39873400, 0x39df0000)
Event: 51.315 GC heap after
Heap after GC invocations=21 (full 1):
 def new generation   total 4992K, used 310K [0x247f0000, 0x24d50000, 0x29d40000)
  eden space 4480K,   0% used [0x247f0000, 0x247f0000, 0x24c50000)
  from space 512K,  60% used [0x24c50000, 0x24c9d998, 0x24cd0000)
  to   space 512K,   0% used [0x24cd0000, 0x24cd0000, 0x24d50000)
 tenured generation   total 10944K, used 7255K [0x29d40000, 0x2a7f0000, 0x347f0000)
   the space 10944K,  66% used [0x29d40000, 0x2a455d48, 0x2a455e00, 0x2a7f0000)
 compacting perm gen  total 12288K, used 4315K [0x347f0000, 0x353f0000, 0x387f0000)
   the space 12288K,  35% used [0x347f0000, 0x34c26ee8, 0x34c27000, 0x353f0000)
    ro space 10240K,  42% used [0x387f0000, 0x38c322a0, 0x38c32400, 0x391f0000)
    rw space 12288K,  54% used [0x391f0000, 0x39873250, 0x39873400, 0x39df0000)
}
Event: 56.351 GC heap before
{Heap before GC invocations=21 (full 1):
 def new generation   total 4992K, used 4790K [0x247f0000, 0x24d50000, 0x29d40000)
  eden space 4480K, 100% used [0x247f0000, 0x24c50000, 0x24c50000)
  from space 512K,  60% used [0x24c50000, 0x24c9d998, 0x24cd0000)
  to   space 512K,   0% used [0x24cd0000, 0x24cd0000, 0x24d50000)
 tenured generation   total 10944K, used 7255K [0x29d40000, 0x2a7f0000, 0x347f0000)
   the space 10944K,  66% used [0x29d40000, 0x2a455d48, 0x2a455e00, 0x2a7f0000)
 compacting perm gen  total 12288K, used 4315K [0x347f0000, 0x353f0000, 0x387f0000)
   the space 12288K,  35% used [0x347f0000, 0x34c26ee8, 0x34c27000, 0x353f0000)
    ro space 10240K,  42% used [0x387f0000, 0x38c322a0, 0x38c32400, 0x391f0000)
    rw space 12288K,  54% used [0x391f0000, 0x39873250, 0x39873400, 0x39df0000)
Event: 56.354 GC heap after
Heap after GC invocations=22 (full 1):
 def new generation   total 4992K, used 200K [0x247f0000, 0x24d50000, 0x29d40000)
  eden space 4480K,   0% used [0x247f0000, 0x247f0000, 0x24c50000)
  from space 512K,  39% used [0x24cd0000, 0x24d020e0, 0x24d50000)
  to   space 512K,   0% used [0x24c50000, 0x24c50000, 0x24cd0000)
 tenured generation   total 10944K, used 7301K [0x29d40000, 0x2a7f0000, 0x347f0000)
   the space 10944K,  66% used [0x29d40000, 0x2a461658, 0x2a461800, 0x2a7f0000)
 compacting perm gen  total 12288K, used 4315K [0x347f0000, 0x353f0000, 0x387f0000)
   the space 12288K,  35% used [0x347f0000, 0x34c26ee8, 0x34c27000, 0x353f0000)
    ro space 10240K,  42% used [0x387f0000, 0x38c322a0, 0x38c32400, 0x391f0000)
    rw space 12288K,  54% used [0x391f0000, 0x39873250, 0x39873400, 0x39df0000)
}
Event: 78.144 GC heap before
{Heap before GC invocations=22 (full 1):
 def new generation   total 4992K, used 4680K [0x247f0000, 0x24d50000, 0x29d40000)
  eden space 4480K, 100% used [0x247f0000, 0x24c50000, 0x24c50000)
  from space 512K,  39% used [0x24cd0000, 0x24d020e0, 0x24d50000)
  to   space 512K,   0% used [0x24c50000, 0x24c50000, 0x24cd0000)
 tenured generation   total 10944K, used 7301K [0x29d40000, 0x2a7f0000, 0x347f0000)
   the space 10944K,  66% used [0x29d40000, 0x2a461658, 0x2a461800, 0x2a7f0000)
 compacting perm gen  total 12288K, used 4315K [0x347f0000, 0x353f0000, 0x387f0000)
   the space 12288K,  35% used [0x347f0000, 0x34c26fe8, 0x34c27000, 0x353f0000)
    ro space 10240K,  42% used [0x387f0000, 0x38c322a0, 0x38c32400, 0x391f0000)
    rw space 12288K,  54% used [0x391f0000, 0x39873250, 0x39873400, 0x39df0000)
Event: 78.147 GC heap after
Heap after GC invocations=23 (full 1):
 def new generation   total 4992K, used 73K [0x247f0000, 0x24d50000, 0x29d40000)
  eden space 4480K,   0% used [0x247f0000, 0x247f0000, 0x24c50000)
  from space 512K,  14% used [0x24c50000, 0x24c62638, 0x24cd0000)
  to   space 512K,   0% used [0x24cd0000, 0x24cd0000, 0x24d50000)
 tenured generation   total 10944K, used 7301K [0x29d40000, 0x2a7f0000, 0x347f0000)
   the space 10944K,  66% used [0x29d40000, 0x2a461658, 0x2a461800, 0x2a7f0000)
 compacting perm gen  total 12288K, used 4315K [0x347f0000, 0x353f0000, 0x387f0000)
   the space 12288K,  35% used [0x347f0000, 0x34c26fe8, 0x34c27000, 0x353f0000)
    ro space 10240K,  42% used [0x387f0000, 0x38c322a0, 0x38c32400, 0x391f0000)
    rw space 12288K,  54% used [0x391f0000, 0x39873250, 0x39873400, 0x39df0000)
}
Event: 98.396 GC heap before
{Heap before GC invocations=23 (full 1):
 def new generation   total 4992K, used 4553K [0x247f0000, 0x24d50000, 0x29d40000)
  eden space 4480K, 100% used [0x247f0000, 0x24c50000, 0x24c50000)
  from space 512K,  14% used [0x24c50000, 0x24c62638, 0x24cd0000)
  to   space 512K,   0% used [0x24cd0000, 0x24cd0000, 0x24d50000)
 tenured generation   total 10944K, used 7301K [0x29d40000, 0x2a7f0000, 0x347f0000)
   the space 10944K,  66% used [0x29d40000, 0x2a461658, 0x2a461800, 0x2a7f0000)
 compacting perm gen  total 12288K, used 4316K [0x347f0000, 0x353f0000, 0x387f0000)
   the space 12288K,  35% used [0x347f0000, 0x34c27008, 0x34c27200, 0x353f0000)
    ro space 10240K,  42% used [0x387f0000, 0x38c322a0, 0x38c32400, 0x391f0000)
    rw space 12288K,  54% used [0x391f0000, 0x39873250, 0x39873400, 0x39df0000)
Event: 98.399 GC heap after
Heap after GC invocations=24 (full 1):
 def new generation   total 4992K, used 117K [0x247f0000, 0x24d50000, 0x29d40000)
  eden space 4480K,   0% used [0x247f0000, 0x247f0000, 0x24c50000)
  from space 512K,  22% used [0x24cd0000, 0x24ced498, 0x24d50000)
  to   space 512K,   0% used [0x24c50000, 0x24c50000, 0x24cd0000)
 tenured generation   total 10944K, used 7301K [0x29d40000, 0x2a7f0000, 0x347f0000)
   the space 10944K,  66% used [0x29d40000, 0x2a461658, 0x2a461800, 0x2a7f0000)
 compacting perm gen  total 12288K, used 4316K [0x347f0000, 0x353f0000, 0x387f0000)
   the space 12288K,  35% used [0x347f0000, 0x34c27008, 0x34c27200, 0x353f0000)
    ro space 10240K,  42% used [0x387f0000, 0x38c322a0, 0x38c32400, 0x391f0000)
    rw space 12288K,  54% used [0x391f0000, 0x39873250, 0x39873400, 0x39df0000)
}

Deoptimization events (0 events):
No events

Internal exceptions (10 events):
Event: 20.111 Thread 0x04cea000 Threw 0x24a5ac08 at C:\jdk7u2_32P\jdk7u21\hotspot\src\share\vm\prims\jvm.cpp:1166
Event: 20.111 Thread 0x04cea000 Threw 0x24a5dbb8 at C:\jdk7u2_32P\jdk7u21\hotspot\src\share\vm\prims\jvm.cpp:1166
Event: 20.115 Thread 0x04cea000 Threw 0x24a63c10 at C:\jdk7u2_32P\jdk7u21\hotspot\src\share\vm\prims\jvm.cpp:1166
Event: 20.116 Thread 0x04cea000 Threw 0x24a679d8 at C:\jdk7u2_32P\jdk7u21\hotspot\src\share\vm\prims\jvm.cpp:1166
Event: 38.737 Thread 0x04cea000 Threw 0x24ba32c0 at C:\jdk7u2_32P\jdk7u21\hotspot\src\share\vm\prims\jvm.cpp:1166
Event: 42.675 Thread 0x04cea000 Threw 0x24b2f340 at C:\jdk7u2_32P\jdk7u21\hotspot\src\share\vm\prims\jvm.cpp:1166
Event: 47.296 Thread 0x04cea000 Threw 0x24a6f548 at C:\jdk7u2_32P\jdk7u21\hotspot\src\share\vm\prims\jvm.cpp:1166
Event: 47.297 Thread 0x04cea000 Threw 0x24a725f8 at C:\jdk7u2_32P\jdk7u21\hotspot\src\share\vm\prims\jvm.cpp:1166
Event: 47.298 Thread 0x04cea000 Threw 0x24a75780 at C:\jdk7u2_32P\jdk7u21\hotspot\src\share\vm\prims\jvm.cpp:1166
Event: 47.299 Thread 0x04cea000 Threw 0x24a788a0 at C:\jdk7u2_32P\jdk7u21\hotspot\src\share\vm\prims\jvm.cpp:1166

Events (10 events):
Event: 56.357 Executing VM operation: RevokeBias
Event: 56.357 Executing VM operation: RevokeBias done
Event: 56.357 Executing VM operation: RevokeBias
Event: 56.357 Executing VM operation: RevokeBias done
Event: 56.357 Executing VM operation: BulkRevokeBias
Event: 56.357 Executing VM operation: BulkRevokeBias done
Event: 78.144 Executing VM operation: GenCollectForAllocation
Event: 78.147 Executing VM operation: GenCollectForAllocation done
Event: 98.396 Executing VM operation: GenCollectForAllocation
Event: 98.399 Executing VM operation: GenCollectForAllocation done


Dynamic libraries:
0x008d0000 - 0x008ff000 	C:\Program Files (x86)\Java\jre7\bin\javaw.exe
0x776b0000 - 0x77807000 	C:\Windows\SYSTEM32\ntdll.dll
0x76f20000 - 0x77050000 	C:\Windows\SYSTEM32\KERNEL32.DLL
0x753d0000 - 0x75476000 	C:\Windows\SYSTEM32\KERNELBASE.dll
0x76e70000 - 0x76f1e000 	C:\Windows\SYSTEM32\ADVAPI32.dll
0x74dd0000 - 0x74ee6000 	C:\Windows\SYSTEM32\USER32.dll
0x733b0000 - 0x735a7000 	C:\Windows\WinSxS\x86_microsoft.windows.common-controls_6595b64144ccf1df_6.0.9200.16384_none_893961408605e985\COMCTL32.dll
0x773e0000 - 0x77491000 	C:\Windows\SYSTEM32\msvcrt.dll
0x75140000 - 0x75174000 	C:\Windows\SYSTEM32\sechost.dll
0x76c00000 - 0x76cac000 	C:\Windows\SYSTEM32\RPCRT4.dll
0x76880000 - 0x7697d000 	C:\Windows\SYSTEM32\GDI32.dll
0x74d50000 - 0x74d6c000 	C:\Windows\SYSTEM32\SspiCli.dll
0x74d40000 - 0x74d49000 	C:\Windows\SYSTEM32\CRYPTBASE.dll
0x74ce0000 - 0x74d31000 	C:\Windows\SYSTEM32\bcryptPrimitives.dll
0x775d0000 - 0x775f0000 	C:\Windows\system32\IMM32.DLL
0x774a0000 - 0x7757c000 	C:\Windows\SYSTEM32\MSCTF.dll
0x6e2e0000 - 0x6e39e000 	C:\Program Files (x86)\Java\jre7\bin\msvcr100.dll
0x6e3a0000 - 0x6e6ef000 	C:\Program Files (x86)\Java\jre7\bin\client\jvm.dll
0x6e7c0000 - 0x6e7c8000 	C:\Windows\SYSTEM32\WSOCK32.dll
0x74110000 - 0x74131000 	C:\Windows\SYSTEM32\WINMM.dll
0x76980000 - 0x76986000 	C:\Windows\SYSTEM32\PSAPI.DLL
0x77580000 - 0x775d0000 	C:\Windows\SYSTEM32\WS2_32.dll
0x740e0000 - 0x7410a000 	C:\Windows\SYSTEM32\WINMMBASE.dll
0x773b0000 - 0x773b8000 	C:\Windows\SYSTEM32\NSI.dll
0x73070000 - 0x7307c000 	C:\Program Files (x86)\Java\jre7\bin\verify.dll
0x72f30000 - 0x72f50000 	C:\Program Files (x86)\Java\jre7\bin\java.dll
0x71f70000 - 0x71f83000 	C:\Program Files (x86)\Java\jre7\bin\zip.dll
0x6cec0000 - 0x6cf42000 	C:\Users\Ali Montecillo\AppData\Local\Temp\libgdxAli Montecillo\3125074305\gdx.dll
0x10000000 - 0x1004c000 	C:\Users\Ali Montecillo\AppData\Local\Temp\libgdxAli Montecillo\1389850411\lwjgl.dll
0x6e210000 - 0x6e2de000 	C:\Windows\SYSTEM32\OPENGL32.dll
0x74430000 - 0x74438000 	C:\Windows\SYSTEM32\VERSION.dll
0x70860000 - 0x70883000 	C:\Windows\SYSTEM32\GLU32.dll
0x6e130000 - 0x6e209000 	C:\Windows\SYSTEM32\DDRAW.dll
0x73620000 - 0x73627000 	C:\Windows\SYSTEM32\DCIMAN32.dll
0x04e20000 - 0x04e85000 	C:\Users\ALIMON~1\AppData\Local\Temp\libgdxAli Montecillo\1389850411\OpenAL32.dll
0x75480000 - 0x76545000 	C:\Windows\SYSTEM32\SHELL32.dll
0x766f0000 - 0x76809000 	C:\Windows\SYSTEM32\ole32.dll
0x76560000 - 0x76696000 	C:\Windows\SYSTEM32\combase.dll
0x76990000 - 0x769d0000 	C:\Windows\SYSTEM32\SHLWAPI.dll
0x736b0000 - 0x73725000 	C:\Windows\SYSTEM32\SHCORE.dll
0x730d0000 - 0x73158000 	C:\Windows\system32\uxtheme.dll
0x05380000 - 0x05392000 	C:\Program Files (x86)\RocketDock\RocketDock.dll
0x74ef0000 - 0x74f64000 	C:\Windows\SYSTEM32\clbcatq.dll
0x750b0000 - 0x7513b000 	C:\Windows\SYSTEM32\OLEAUT32.dll
0x6e0a0000 - 0x6e124000 	C:\Windows\SYSTEM32\dsound.dll
0x74940000 - 0x7497f000 	C:\Windows\SYSTEM32\POWRPROF.dll
0x72200000 - 0x7224d000 	C:\Windows\System32\MMDevApi.dll
0x771e0000 - 0x771fe000 	C:\Windows\SYSTEM32\DEVOBJ.dll
0x76cb0000 - 0x76cf6000 	C:\Windows\SYSTEM32\cfgmgr32.dll
0x72c20000 - 0x72c74000 	C:\Windows\SYSTEM32\AUDIOSES.DLL
0x73260000 - 0x73279000 	C:\Windows\SYSTEM32\dwmapi.dll
0x663b0000 - 0x66e16000 	C:\Windows\SYSTEM32\ig4icd32.dll
0x6f390000 - 0x6f40c000 	C:\Windows\SYSTEM32\mscms.dll
0x74410000 - 0x7442b000 	C:\Windows\SYSTEM32\USERENV.dll
0x743f0000 - 0x74401000 	C:\Windows\SYSTEM32\profapi.dll
0x701e0000 - 0x7021b000 	C:\Windows\SYSTEM32\icm32.dll
0x737d0000 - 0x738f9000 	C:\Windows\SYSTEM32\dbghelp.dll

VM Arguments:
jvm_args: -Dfile.encoding=Cp1252 
java_command: com.teampora.starter.Main
Launcher Type: SUN_STANDARD

Environment Variables:
PATH=C:/Program Files (x86)/Java/jre7/bin/client;C:/Program Files (x86)/Java/jre7/bin;C:/Program Files (x86)/Java/jre7/lib/i386;C:\Windows\system32;C:\Windows;C:\Windows\System32\Wbem;C:\Windows\System32\WindowsPowerShell\v1.0\;C:\Program Files (x86)\Microsoft SQL Server\100\Tools\Binn\;C:\Program Files\Microsoft SQL Server\100\Tools\Binn\;C:\Program Files\Microsoft SQL Server\100\DTS\Binn\;C:\Program Files (x86)\adt-bundle-windows-x86\adt-bundle-windows-x86\adt-bundle-windows-x86\eclipse;
USERNAME=Ali Montecillo
OS=Windows_NT
PROCESSOR_IDENTIFIER=Intel64 Family 6 Model 42 Stepping 7, GenuineIntel



---------------  S Y S T E M  ---------------

OS: Windows 8 , 64 bit Build 9200 

CPU:total 4 (2 cores per cpu, 2 threads per core) family 6 model 42 stepping 7, cmov, cx8, fxsr, mmx, sse, sse2, sse3, ssse3, sse4.1, sse4.2, popcnt, avx, ht, tsc, tscinvbit

Memory: 4k page, physical 2008616k(424372k free), swap 4761132k(1954716k free)

vm_info: Java HotSpot(TM) Client VM (23.21-b01) for windows-x86 JRE (1.7.0_21-b11), built on Apr  4 2013 04:43:10 by "java_re" with unknown MS VC++:1600

time: Sun Aug 11 23:33:35 2013
elapsed time: 98 seconds

