#
# A fatal error has been detected by the Java Runtime Environment:
#
#  EXCEPTION_ACCESS_VIOLATION (0xc0000005) at pc=0x6cee24cb, pid=1680, tid=6948
#
# JRE version: 7.0_21-b11
# Java VM: Java HotSpot(TM) Client VM (23.21-b01 mixed mode, sharing windows-x86 )
# Problematic frame:
# C  [gdx.dll+0x224cb]
#
# Failed to write core dump. Minidumps are not enabled by default on client versions of Windows
#
# If you would like to submit a bug report, please visit:
#   http://bugreport.sun.com/bugreport/crash.jsp
# The crash happened outside the Java Virtual Machine in native code.
# See problematic frame for where to report the bug.
#

---------------  T H R E A D  ---------------

Current thread (0x05378000):  JavaThread "LWJGL Application" [_thread_in_native, id=6948, stack(0x05df0000,0x05e40000)]

siginfo: ExceptionCode=0xc0000005, reading address 0xbf60bdcd

Registers:
EAX=0x00000000, EBX=0x086d2ed8, ECX=0x00000003, EDX=0x34bf5778
ESP=0x05e3f490, EBP=0xbf60bdc1, ESI=0x34be9198, EDI=0x08635878
EIP=0x6cee24cb, EFLAGS=0x00010282

Top of Stack: (sp=0x05e3f490)
0x05e3f490:   ffff002b 00000000 00000000 00000000
0x05e3f4a0:   00000000 00000000 00000000 00000000
0x05e3f4b0:   00000000 00000000 00000000 34be9198
0x05e3f4c0:   34be9198 05378000 05e3f534 6ceeab67
0x05e3f4d0:   086d2ed8 08635878 05e3f4d8 348e11c0
0x05e3f4e0:   05e3f518 348e2610 00000000 02d5a717
0x05e3f4f0:   05378128 05e3f554 086d2ed8 00000000
0x05e3f500:   08635878 00000000 00000082 2a575c70 

Instructions: (pc=0x6cee24cb)
0x6cee24ab:   00 00 f6 83 d4 91 01 00 02 0f 85 3b 01 00 00 8b
0x6cee24bb:   6f 6c 85 ed 75 04 eb 34 89 f5 8b 83 44 92 01 00
0x6cee24cb:   8b 75 0c 85 c0 74 0f 8b 10 8b 4d 04 89 04 24 89
0x6cee24db:   4c 24 04 ff 52 08 8b 45 04 89 1c 24 89 44 24 04 


Register to memory mapping:

EAX=0x00000000 is an unknown value
EBX=0x086d2ed8 is an unknown value
ECX=0x00000003 is an unknown value
EDX=0x34bf5778 is an oop
{constant pool cache} 
 - klass: {other class}
ESP=0x05e3f490 is pointing into the stack for thread: 0x05378000
EBP=0xbf60bdc1 is an unknown value
ESI=0x34be9198 is an oop
{method} 
 - klass: {other class}
EDI=0x08635878 is an unknown value


Stack: [0x05df0000,0x05e40000],  sp=0x05e3f490,  free space=317k
Native frames: (J=compiled Java code, j=interpreted, Vv=VM code, C=native code)
C  [gdx.dll+0x224cb]

Java frames: (J=compiled Java code, j=interpreted, Vv=VM code)
j  com.badlogic.gdx.physics.box2d.World.jniDestroyBody(JJ)V+0
j  com.badlogic.gdx.physics.box2d.World.destroyBody(Lcom/badlogic/gdx/physics/box2d/Body;)V+105
J  com.teampora.game.GameWorld.update(F)V
j  com.teampora.screens.ClassicScreen.renderSub(F)V+80
J  com.teampora.screens.AbstractScreen.render(F)V
J  com.badlogic.gdx.Game.render()V
j  com.badlogic.gdx.backends.lwjgl.LwjglApplication.mainLoop()V+596
j  com.badlogic.gdx.backends.lwjgl.LwjglApplication$1.run()V+27
v  ~StubRoutines::call_stub

---------------  P R O C E S S  ---------------

Java Threads: ( => current thread )
  0x07de9c00 JavaThread "AsynchExecutor-Thread" daemon [_thread_blocked, id=3572, stack(0x062e0000,0x06330000)]
  0x07de9800 JavaThread "LWJGL Timer" daemon [_thread_blocked, id=6956, stack(0x06250000,0x062a0000)]
  0x02d4a800 JavaThread "DestroyJavaVM" [_thread_blocked, id=1808, stack(0x02ae0000,0x02b30000)]
=>0x05378000 JavaThread "LWJGL Application" [_thread_in_native, id=6948, stack(0x05df0000,0x05e40000)]
  0x02c62800 JavaThread "Service Thread" daemon [_thread_blocked, id=4424, stack(0x051a0000,0x051f0000)]
  0x02c5dc00 JavaThread "C1 CompilerThread0" daemon [_thread_blocked, id=6684, stack(0x05110000,0x05160000)]
  0x02c5c400 JavaThread "Attach Listener" daemon [_thread_blocked, id=4924, stack(0x05080000,0x050d0000)]
  0x02c5a400 JavaThread "Signal Dispatcher" daemon [_thread_blocked, id=4476, stack(0x04ff0000,0x05040000)]
  0x02c48800 JavaThread "Finalizer" daemon [_thread_blocked, id=2832, stack(0x04f60000,0x04fb0000)]
  0x02c43800 JavaThread "Reference Handler" daemon [_thread_blocked, id=6676, stack(0x04ed0000,0x04f20000)]

Other Threads:
  0x02c41c00 VMThread [stack: 0x04e40000,0x04e90000] [id=788]
  0x02c74400 WatcherThread [stack: 0x05230000,0x05280000] [id=6216]

VM state:not at safepoint (normal execution)

VM Mutex/Monitor currently owned by a thread: None

Heap
 def new generation   total 7680K, used 1069K [0x247f0000, 0x25040000, 0x29d40000)
  eden space 6848K,  13% used [0x247f0000, 0x248d3fc8, 0x24ea0000)
  from space 832K,  18% used [0x24f70000, 0x24f97780, 0x25040000)
  to   space 832K,   0% used [0x24ea0000, 0x24ea0000, 0x24f70000)
 tenured generation   total 16944K, used 10164K [0x29d40000, 0x2adcc000, 0x347f0000)
   the space 16944K,  59% used [0x29d40000, 0x2a72d280, 0x2a72d400, 0x2adcc000)
 compacting perm gen  total 12288K, used 4380K [0x347f0000, 0x353f0000, 0x387f0000)
   the space 12288K,  35% used [0x347f0000, 0x34c37208, 0x34c37400, 0x353f0000)
    ro space 10240K,  42% used [0x387f0000, 0x38c322a0, 0x38c32400, 0x391f0000)
    rw space 12288K,  54% used [0x391f0000, 0x39873250, 0x39873400, 0x39df0000)

Card table byte_map: [0x04d50000,0x04e00000] byte_map_base: 0x04c2c080

Polling page: 0x011b0000

Code Cache  [0x02d50000, 0x02f28000, 0x04d50000)
 total_blobs=1024 nmethods=743 adapters=216 free_code_cache=30888Kb largest_free_block=31628608

Compilation events (10 events):
Event: 46.497 Thread 0x02c5dc00  743             java.nio.Bits::int2 (6 bytes)
Event: 46.497 Thread 0x02c5dc00 nmethod 743 0x02f25908 code [0x02f25a00, 0x02f25a70]
Event: 46.497 Thread 0x02c5dc00  744             java.nio.Bits::int1 (6 bytes)
Event: 46.497 Thread 0x02c5dc00 nmethod 744 0x02f25ac8 code [0x02f25bc0, 0x02f25c30]
Event: 46.498 Thread 0x02c5dc00  745             java.nio.Bits::int0 (3 bytes)
Event: 46.498 Thread 0x02c5dc00 nmethod 745 0x02f25c88 code [0x02f25d80, 0x02f25df0]
Event: 46.498 Thread 0x02c5dc00  746             java.nio.Bits::makeInt (29 bytes)
Event: 46.498 Thread 0x02c5dc00 nmethod 746 0x02f25e48 code [0x02f25f40, 0x02f25fe0]
Event: 46.887 Thread 0x02c5dc00  747             com.badlogic.gdx.graphics.g2d.BitmapFontCache::getColor (81 bytes)
Event: 46.887 Thread 0x02c5dc00 nmethod 747 0x02f26048 code [0x02f26160, 0x02f26260]

GC Heap History (10 events):
Event: 17.933 GC heap before
{Heap before GC invocations=12 (full 1):
 def new generation   total 5504K, used 5504K [0x247f0000, 0x24de0000, 0x29d40000)
  eden space 4928K, 100% used [0x247f0000, 0x24cc0000, 0x24cc0000)
  from space 576K, 100% used [0x24d50000, 0x24de0000, 0x24de0000)
  to   space 576K,   0% used [0x24cc0000, 0x24cc0000, 0x24d50000)
 tenured generation   total 12020K, used 8706K [0x29d40000, 0x2a8fd000, 0x347f0000)
   the space 12020K,  72% used [0x29d40000, 0x2a5c0bd8, 0x2a5c0c00, 0x2a8fd000)
 compacting perm gen  total 12288K, used 4366K [0x347f0000, 0x353f0000, 0x387f0000)
   the space 12288K,  35% used [0x347f0000, 0x34c33ba8, 0x34c33c00, 0x353f0000)
    ro space 10240K,  42% used [0x387f0000, 0x38c322a0, 0x38c32400, 0x391f0000)
    rw space 12288K,  54% used [0x391f0000, 0x39873250, 0x39873400, 0x39df0000)
Event: 17.943 GC heap after
Heap after GC invocations=13 (full 1):
 def new generation   total 5504K, used 576K [0x247f0000, 0x24de0000, 0x29d40000)
  eden space 4928K,   0% used [0x247f0000, 0x247f0000, 0x24cc0000)
  from space 576K, 100% used [0x24cc0000, 0x24d50000, 0x24d50000)
  to   space 576K,   0% used [0x24d50000, 0x24d50000, 0x24de0000)
 tenured generation   total 12020K, used 9802K [0x29d40000, 0x2a8fd000, 0x347f0000)
   the space 12020K,  81% used [0x29d40000, 0x2a6d2a18, 0x2a6d2c00, 0x2a8fd000)
 compacting perm gen  total 12288K, used 4366K [0x347f0000, 0x353f0000, 0x387f0000)
   the space 12288K,  35% used [0x347f0000, 0x34c33ba8, 0x34c33c00, 0x353f0000)
    ro space 10240K,  42% used [0x387f0000, 0x38c322a0, 0x38c32400, 0x391f0000)
    rw space 12288K,  54% used [0x391f0000, 0x39873250, 0x39873400, 0x39df0000)
}
Event: 23.576 GC heap before
{Heap before GC invocations=13 (full 1):
 def new generation   total 5504K, used 5476K [0x247f0000, 0x24de0000, 0x29d40000)
  eden space 4928K,  99% used [0x247f0000, 0x24cb9338, 0x24cc0000)
  from space 576K, 100% used [0x24cc0000, 0x24d50000, 0x24d50000)
  to   space 576K,   0% used [0x24d50000, 0x24d50000, 0x24de0000)
 tenured generation   total 12020K, used 9802K [0x29d40000, 0x2a8fd000, 0x347f0000)
   the space 12020K,  81% used [0x29d40000, 0x2a6d2a18, 0x2a6d2c00, 0x2a8fd000)
 compacting perm gen  total 12288K, used 4373K [0x347f0000, 0x353f0000, 0x387f0000)
   the space 12288K,  35% used [0x347f0000, 0x34c356e8, 0x34c35800, 0x353f0000)
    ro space 10240K,  42% used [0x387f0000, 0x38c322a0, 0x38c32400, 0x391f0000)
    rw space 12288K,  54% used [0x391f0000, 0x39873250, 0x39873400, 0x39df0000)
Event: 23.582 GC heap after
Heap after GC invocations=14 (full 1):
 def new generation   total 5504K, used 576K [0x247f0000, 0x24de0000, 0x29d40000)
  eden space 4928K,   0% used [0x247f0000, 0x247f0000, 0x24cc0000)
  from space 576K, 100% used [0x24d50000, 0x24de0000, 0x24de0000)
  to   space 576K,   0% used [0x24cc0000, 0x24cc0000, 0x24d50000)
 tenured generation   total 12020K, used 10763K [0x29d40000, 0x2a8fd000, 0x347f0000)
   the space 12020K,  89% used [0x29d40000, 0x2a7c2da0, 0x2a7c2e00, 0x2a8fd000)
 compacting perm gen  total 12288K, used 4373K [0x347f0000, 0x353f0000, 0x387f0000)
   the space 12288K,  35% used [0x347f0000, 0x34c356e8, 0x34c35800, 0x353f0000)
    ro space 10240K,  42% used [0x387f0000, 0x38c322a0, 0x38c32400, 0x391f0000)
    rw space 12288K,  54% used [0x391f0000, 0x39873250, 0x39873400, 0x39df0000)
}
Event: 28.109 GC heap before
{Heap before GC invocations=14 (full 1):
 def new generation   total 5504K, used 5368K [0x247f0000, 0x24de0000, 0x29d40000)
  eden space 4928K,  97% used [0x247f0000, 0x24c9e048, 0x24cc0000)
  from space 576K, 100% used [0x24d50000, 0x24de0000, 0x24de0000)
  to   space 576K,   0% used [0x24cc0000, 0x24cc0000, 0x24d50000)
 tenured generation   total 12020K, used 10763K [0x29d40000, 0x2a8fd000, 0x347f0000)
   the space 12020K,  89% used [0x29d40000, 0x2a7c2da0, 0x2a7c2e00, 0x2a8fd000)
 compacting perm gen  total 12288K, used 4374K [0x347f0000, 0x353f0000, 0x387f0000)
   the space 12288K,  35% used [0x347f0000, 0x34c35bf8, 0x34c35c00, 0x353f0000)
    ro space 10240K,  42% used [0x387f0000, 0x38c322a0, 0x38c32400, 0x391f0000)
    rw space 12288K,  54% used [0x391f0000, 0x39873250, 0x39873400, 0x39df0000)
Event: 28.113 GC heap after
Heap after GC invocations=15 (full 1):
 def new generation   total 5504K, used 576K [0x247f0000, 0x24de0000, 0x29d40000)
  eden space 4928K,   0% used [0x247f0000, 0x247f0000, 0x24cc0000)
  from space 576K, 100% used [0x24cc0000, 0x24d50000, 0x24d50000)
  to   space 576K,   0% used [0x24d50000, 0x24d50000, 0x24de0000)
 tenured generation   total 12020K, used 11582K [0x29d40000, 0x2a8fd000, 0x347f0000)
   the space 12020K,  96% used [0x29d40000, 0x2a88fb68, 0x2a88fc00, 0x2a8fd000)
 compacting perm gen  total 12288K, used 4374K [0x347f0000, 0x353f0000, 0x387f0000)
   the space 12288K,  35% used [0x347f0000, 0x34c35bf8, 0x34c35c00, 0x353f0000)
    ro space 10240K,  42% used [0x387f0000, 0x38c322a0, 0x38c32400, 0x391f0000)
    rw space 12288K,  54% used [0x391f0000, 0x39873250, 0x39873400, 0x39df0000)
}
Event: 31.334 GC heap before
{Heap before GC invocations=15 (full 1):
 def new generation   total 5504K, used 5502K [0x247f0000, 0x24de0000, 0x29d40000)
  eden space 4928K,  99% used [0x247f0000, 0x24cbf940, 0x24cc0000)
  from space 576K, 100% used [0x24cc0000, 0x24d50000, 0x24d50000)
  to   space 576K,   0% used [0x24d50000, 0x24d50000, 0x24de0000)
 tenured generation   total 12020K, used 11582K [0x29d40000, 0x2a8fd000, 0x347f0000)
   the space 12020K,  96% used [0x29d40000, 0x2a88fb68, 0x2a88fc00, 0x2a8fd000)
 compacting perm gen  total 12288K, used 4375K [0x347f0000, 0x353f0000, 0x387f0000)
   the space 12288K,  35% used [0x347f0000, 0x34c35c38, 0x34c35e00, 0x353f0000)
    ro space 10240K,  42% used [0x387f0000, 0x38c322a0, 0x38c32400, 0x391f0000)
    rw space 12288K,  54% used [0x391f0000, 0x39873250, 0x39873400, 0x39df0000)
Event: 31.389 GC heap after
Heap after GC invocations=16 (full 2):
 def new generation   total 7680K, used 0K [0x247f0000, 0x25040000, 0x29d40000)
  eden space 6848K,   0% used [0x247f0000, 0x247f0000, 0x24ea0000)
  from space 832K,   0% used [0x24ea0000, 0x24ea0000, 0x24f70000)
  to   space 832K,   0% used [0x24f70000, 0x24f70000, 0x25040000)
 tenured generation   total 16944K, used 10164K [0x29d40000, 0x2adcc000, 0x347f0000)
   the space 16944K,  59% used [0x29d40000, 0x2a72d280, 0x2a72d400, 0x2adcc000)
 compacting perm gen  total 12288K, used 4375K [0x347f0000, 0x353f0000, 0x387f0000)
   the space 12288K,  35% used [0x347f0000, 0x34c35c38, 0x34c35e00, 0x353f0000)
    ro space 10240K,  42% used [0x387f0000, 0x38c322a0, 0x38c32400, 0x391f0000)
    rw space 12288K,  54% used [0x391f0000, 0x39873250, 0x39873400, 0x39df0000)
}
Event: 41.164 GC heap before
{Heap before GC invocations=16 (full 2):
 def new generation   total 7680K, used 6848K [0x247f0000, 0x25040000, 0x29d40000)
  eden space 6848K, 100% used [0x247f0000, 0x24ea0000, 0x24ea0000)
  from space 832K,   0% used [0x24ea0000, 0x24ea0000, 0x24f70000)
  to   space 832K,   0% used [0x24f70000, 0x24f70000, 0x25040000)
 tenured generation   total 16944K, used 10164K [0x29d40000, 0x2adcc000, 0x347f0000)
   the space 16944K,  59% used [0x29d40000, 0x2a72d280, 0x2a72d400, 0x2adcc000)
 compacting perm gen  total 12288K, used 4375K [0x347f0000, 0x353f0000, 0x387f0000)
   the space 12288K,  35% used [0x347f0000, 0x34c35cd8, 0x34c35e00, 0x353f0000)
    ro space 10240K,  42% used [0x387f0000, 0x38c322a0, 0x38c32400, 0x391f0000)
    rw space 12288K,  54% used [0x391f0000, 0x39873250, 0x39873400, 0x39df0000)
Event: 41.166 GC heap after
Heap after GC invocations=17 (full 2):
 def new generation   total 7680K, used 157K [0x247f0000, 0x25040000, 0x29d40000)
  eden space 6848K,   0% used [0x247f0000, 0x247f0000, 0x24ea0000)
  from space 832K,  18% used [0x24f70000, 0x24f97780, 0x25040000)
  to   space 832K,   0% used [0x24ea0000, 0x24ea0000, 0x24f70000)
 tenured generation   total 16944K, used 10164K [0x29d40000, 0x2adcc000, 0x347f0000)
   the space 16944K,  59% used [0x29d40000, 0x2a72d280, 0x2a72d400, 0x2adcc000)
 compacting perm gen  total 12288K, used 4375K [0x347f0000, 0x353f0000, 0x387f0000)
   the space 12288K,  35% used [0x347f0000, 0x34c35cd8, 0x34c35e00, 0x353f0000)
    ro space 10240K,  42% used [0x387f0000, 0x38c322a0, 0x38c32400, 0x391f0000)
    rw space 12288K,  54% used [0x391f0000, 0x39873250, 0x39873400, 0x39df0000)
}

Deoptimization events (0 events):
No events

Internal exceptions (10 events):
Event: 17.889 Thread 0x05378000 Threw 0x24b56500 at C:\jdk7u2_32P\jdk7u21\hotspot\src\share\vm\prims\jvm.cpp:1166
Event: 17.892 Thread 0x05378000 Threw 0x24b5cbc8 at C:\jdk7u2_32P\jdk7u21\hotspot\src\share\vm\prims\jvm.cpp:1166
Event: 18.021 Thread 0x05378000 Threw 0x2495cad0 at C:\jdk7u2_32P\jdk7u21\hotspot\src\share\vm\prims\jvm.cpp:1166
Event: 21.428 Thread 0x05378000 Threw 0x24a3d940 at C:\jdk7u2_32P\jdk7u21\hotspot\src\share\vm\prims\jvm.cpp:1166
Event: 23.487 Thread 0x05378000 Threw 0x24be55c0 at C:\jdk7u2_32P\jdk7u21\hotspot\src\share\vm\prims\jvm.cpp:1166
Event: 26.144 Thread 0x05378000 Threw 0x24b2c568 at C:\jdk7u2_32P\jdk7u21\hotspot\src\share\vm\prims\jvm.cpp:1166
Event: 42.739 Thread 0x05378000 Threw 0x24829690 at C:\jdk7u2_32P\jdk7u21\hotspot\src\share\vm\prims\jvm.cpp:1166
Event: 42.741 Thread 0x05378000 Threw 0x2482f888 at C:\jdk7u2_32P\jdk7u21\hotspot\src\share\vm\prims\jvm.cpp:1166
Event: 42.742 Thread 0x05378000 Threw 0x24832a10 at C:\jdk7u2_32P\jdk7u21\hotspot\src\share\vm\prims\jvm.cpp:1166
Event: 42.744 Thread 0x05378000 Threw 0x24835d70 at C:\jdk7u2_32P\jdk7u21\hotspot\src\share\vm\prims\jvm.cpp:1166

Events (10 events):
Event: 41.171 Executing VM operation: RevokeBias
Event: 41.171 Executing VM operation: RevokeBias done
Event: 42.739 loading class 0x07e33cb8
Event: 42.739 loading class 0x07e33cb8 done
Event: 42.741 loading class 0x07e34078
Event: 42.741 loading class 0x07e34078 done
Event: 42.742 loading class 0x07e33c38
Event: 42.742 loading class 0x07e33c38 done
Event: 42.744 loading class 0x052e2868
Event: 42.744 loading class 0x052e2868 done


Dynamic libraries:
0x009d0000 - 0x009ff000 	C:\Program Files (x86)\Java\jre7\bin\javaw.exe
0x77a10000 - 0x77b67000 	C:\Windows\SYSTEM32\ntdll.dll
0x77040000 - 0x77170000 	C:\Windows\SYSTEM32\KERNEL32.DLL
0x77490000 - 0x77536000 	C:\Windows\SYSTEM32\KERNELBASE.dll
0x772a0000 - 0x7734e000 	C:\Windows\SYSTEM32\ADVAPI32.dll
0x754f0000 - 0x75606000 	C:\Windows\SYSTEM32\USER32.dll
0x71620000 - 0x71817000 	C:\Windows\WinSxS\x86_microsoft.windows.common-controls_6595b64144ccf1df_6.0.9200.16384_none_893961408605e985\COMCTL32.dll
0x776e0000 - 0x77791000 	C:\Windows\SYSTEM32\msvcrt.dll
0x76e90000 - 0x76ec4000 	C:\Windows\SYSTEM32\sechost.dll
0x771c0000 - 0x7726c000 	C:\Windows\SYSTEM32\RPCRT4.dll
0x775e0000 - 0x776dd000 	C:\Windows\SYSTEM32\GDI32.dll
0x750b0000 - 0x750cc000 	C:\Windows\SYSTEM32\SspiCli.dll
0x750a0000 - 0x750a9000 	C:\Windows\SYSTEM32\CRYPTBASE.dll
0x75040000 - 0x75091000 	C:\Windows\SYSTEM32\bcryptPrimitives.dll
0x76760000 - 0x76780000 	C:\Windows\system32\IMM32.DLL
0x777a0000 - 0x7787c000 	C:\Windows\SYSTEM32\MSCTF.dll
0x61e10000 - 0x61ece000 	C:\Program Files (x86)\Java\jre7\bin\msvcr100.dll
0x62bd0000 - 0x62f1f000 	C:\Program Files (x86)\Java\jre7\bin\client\jvm.dll
0x735c0000 - 0x735c8000 	C:\Windows\SYSTEM32\WSOCK32.dll
0x74470000 - 0x74491000 	C:\Windows\SYSTEM32\WINMM.dll
0x76c30000 - 0x76c36000 	C:\Windows\SYSTEM32\PSAPI.DLL
0x77880000 - 0x778d0000 	C:\Windows\SYSTEM32\WS2_32.dll
0x74440000 - 0x7446a000 	C:\Windows\SYSTEM32\WINMMBASE.dll
0x77540000 - 0x77548000 	C:\Windows\SYSTEM32\NSI.dll
0x62b00000 - 0x62b0c000 	C:\Program Files (x86)\Java\jre7\bin\verify.dll
0x62ae0000 - 0x62b00000 	C:\Program Files (x86)\Java\jre7\bin\java.dll
0x62ac0000 - 0x62ad3000 	C:\Program Files (x86)\Java\jre7\bin\zip.dll
0x6cec0000 - 0x6cf42000 	C:\Users\Ali Montecillo\AppData\Local\Temp\libgdxAli Montecillo\3125074305\gdx.dll
0x10000000 - 0x1004c000 	C:\Users\Ali Montecillo\AppData\Local\Temp\libgdxAli Montecillo\1389850411\lwjgl.dll
0x61bf0000 - 0x61cbe000 	C:\Windows\SYSTEM32\OPENGL32.dll
0x74790000 - 0x74798000 	C:\Windows\SYSTEM32\VERSION.dll
0x6f660000 - 0x6f683000 	C:\Windows\SYSTEM32\GLU32.dll
0x61b10000 - 0x61be9000 	C:\Windows\SYSTEM32\DDRAW.dll
0x70ae0000 - 0x70ae7000 	C:\Windows\SYSTEM32\DCIMAN32.dll
0x05480000 - 0x054e5000 	C:\Users\ALIMON~1\AppData\Local\Temp\libgdxAli Montecillo\1389850411\OpenAL32.dll
0x75610000 - 0x766d5000 	C:\Windows\SYSTEM32\SHELL32.dll
0x76ed0000 - 0x76fe9000 	C:\Windows\SYSTEM32\ole32.dll
0x77350000 - 0x77486000 	C:\Windows\SYSTEM32\combase.dll
0x76780000 - 0x767c0000 	C:\Windows\SYSTEM32\SHLWAPI.dll
0x73370000 - 0x733e5000 	C:\Windows\SYSTEM32\SHCORE.dll
0x700c0000 - 0x70148000 	C:\Windows\system32\uxtheme.dll
0x05620000 - 0x05632000 	C:\Program Files (x86)\RocketDock\RocketDock.dll
0x766e0000 - 0x76754000 	C:\Windows\SYSTEM32\clbcatq.dll
0x76c70000 - 0x76cfb000 	C:\Windows\SYSTEM32\OLEAUT32.dll
0x61a80000 - 0x61b04000 	C:\Windows\SYSTEM32\dsound.dll
0x74ca0000 - 0x74cdf000 	C:\Windows\SYSTEM32\POWRPROF.dll
0x70d30000 - 0x70d7d000 	C:\Windows\System32\MMDevApi.dll
0x77270000 - 0x7728e000 	C:\Windows\SYSTEM32\DEVOBJ.dll
0x77170000 - 0x771b6000 	C:\Windows\SYSTEM32\cfgmgr32.dll
0x6f9e0000 - 0x6fa34000 	C:\Windows\SYSTEM32\AUDIOSES.DLL
0x70c30000 - 0x70c49000 	C:\Windows\SYSTEM32\dwmapi.dll
0x600a0000 - 0x60b06000 	C:\Windows\SYSTEM32\ig4icd32.dll
0x6d5f0000 - 0x6d66c000 	C:\Windows\SYSTEM32\mscms.dll
0x74770000 - 0x7478b000 	C:\Windows\SYSTEM32\USERENV.dll
0x74750000 - 0x74761000 	C:\Windows\SYSTEM32\profapi.dll
0x61a10000 - 0x61a4b000 	C:\Windows\SYSTEM32\icm32.dll
0x73b30000 - 0x73c59000 	C:\Windows\SYSTEM32\dbghelp.dll

VM Arguments:
jvm_args: -Dfile.encoding=Cp1252 
java_command: com.teampora.sneakysnatcher.Main
Launcher Type: SUN_STANDARD

Environment Variables:
PATH=C:/Program Files (x86)/Java/jre7/bin/client;C:/Program Files (x86)/Java/jre7/bin;C:/Program Files (x86)/Java/jre7/lib/i386;C:\Windows\system32;C:\Windows;C:\Windows\System32\Wbem;C:\Windows\System32\WindowsPowerShell\v1.0\;C:\Program Files (x86)\Microsoft SQL Server\100\Tools\Binn\;C:\Program Files\Microsoft SQL Server\100\Tools\Binn\;C:\Program Files\Microsoft SQL Server\100\DTS\Binn\;C:\Program Files (x86)\adt-bundle-windows-x86\adt-bundle-windows-x86\adt-bundle-windows-x86\eclipse;
USERNAME=Ali Montecillo
OS=Windows_NT
PROCESSOR_IDENTIFIER=Intel64 Family 6 Model 42 Stepping 7, GenuineIntel



---------------  S Y S T E M  ---------------

OS: Windows 8 , 64 bit Build 9200 

CPU:total 4 (2 cores per cpu, 2 threads per core) family 6 model 42 stepping 7, cmov, cx8, fxsr, mmx, sse, sse2, sse3, ssse3, sse4.1, sse4.2, popcnt, avx, ht, tsc, tscinvbit

Memory: 4k page, physical 2008616k(364928k free), swap 4630060k(1626364k free)

vm_info: Java HotSpot(TM) Client VM (23.21-b01) for windows-x86 JRE (1.7.0_21-b11), built on Apr  4 2013 04:43:10 by "java_re" with unknown MS VC++:1600

time: Thu Aug 15 22:38:07 2013
elapsed time: 47 seconds

